09:46:57 **** Incremental Build of configuration Debug for project hw4_debug ****
make all 
Building file: ../core_api.cpp
Invoking: GCC C++ Compiler
g++ -O0 -g3 -Wall -c -fmessage-length=0 -MMD -MP -MF"core_api.d" -MT"core_api.o" -o "core_api.o" "../core_api.cpp"
../core_api.cpp: In function ‘void CORE_BlockedMT()’:
../core_api.cpp:63:25: error: incompatible types in assignment of ‘int*’ to ‘int [8]’
   curr.threadContext.reg= new int[REGS_COUNT];
                         ^
../core_api.cpp: In function ‘void CORE_FinegrainedMT()’:
../core_api.cpp:226:24: warning: extended initializer lists only available with -std=c++11 or -std=gnu++11
  fgThreadVec.push_back({});
                        ^
../core_api.cpp:226:26: warning: extended initializer lists only available with -std=c++11 or -std=gnu++11
  fgThreadVec.push_back({});
                          ^
subdir.mk:33: recipe for target 'core_api.o' failed
make: *** [core_api.o] Error 1
09:49:43 **** Incremental Build of configuration Debug for project hw4_debug ****
make all 
Building file: ../core_api.cpp
Invoking: GCC C++ Compiler
g++ -O0 -g3 -Wall -c -fmessage-length=0 -MMD -MP -MF"core_api.d" -MT"core_api.o" -o "core_api.o" "../core_api.cpp"
../core_api.cpp: In function ‘void CORE_FinegrainedMT()’:
../core_api.cpp:226:24: warning: extended initializer lists only available with -std=c++11 or -std=gnu++11
  fgThreadVec.push_back({});
                        ^
../core_api.cpp:226:26: warning: extended initializer lists only available with -std=c++11 or -std=gnu++11
  fgThreadVec.push_back({});
                          ^
../core_api.cpp: In function ‘void CORE_BlockedMT()’:
../core_api.cpp:112:99: warning: ‘currInstr’ may be used uninitialized in this function [-Wmaybe-uninitialized]
   SIM_MemInstRead((uint32_t)blockedThreadVec[blockedCPUthreadID].PC, currInstr,blockedCPUthreadID);
                                                                                                   ^
../core_api.cpp: In function ‘void CORE_FinegrainedMT()’:
../core_api.cpp:287:97: warning: ‘currInstr’ may be used uninitialized in this function [-Wmaybe-uninitialized]
   SIM_MemInstRead(fgThreadVec[fgCPUthreadID].PC, currInstr, fgThreadVec[fgCPUthreadID].threadId);
                                                                                                 ^
Finished building: ../core_api.cpp
 
Building target: hw4_debug
Invoking: GCC C++ Linker
g++  -o "hw4_debug"  ./.metadata/.plugins/org.eclipse.cdt.make.core/specs.o  ./core_api.o ./main.o ./sim_api.o   
Finished building target: hw4_debug
 
09:52:46 **** Incremental Build of configuration Debug for project hw4_debug ****
make all 
Building file: ../core_api.cpp
Invoking: GCC C++ Compiler
g++ -O0 -g3 -Wall -c -fmessage-length=0 -MMD -MP -MF"core_api.d" -MT"core_api.o" -o "core_api.o" "../core_api.cpp"
../core_api.cpp: In function ‘void CORE_BlockedMT()’:
../core_api.cpp:61:23: error: conversion from ‘thread_t* {aka myThread*}’ to non-scalar type ‘thread_t {aka myThread}’ requested
   thread_t curr = new thread_t;
                       ^
../core_api.cpp: In function ‘void CORE_FinegrainedMT()’:
../core_api.cpp:226:24: warning: extended initializer lists only available with -std=c++11 or -std=gnu++11
  fgThreadVec.push_back({});
                        ^
../core_api.cpp:226:26: warning: extended initializer lists only available with -std=c++11 or -std=gnu++11
  fgThreadVec.push_back({});
                          ^
subdir.mk:33: recipe for target 'core_api.o' failed
make: *** [core_api.o] Error 1
09:53:46 **** Incremental Build of configuration Debug for project hw4_debug ****
make all 
Building file: ../core_api.cpp
Invoking: GCC C++ Compiler
g++ -O0 -g3 -Wall -c -fmessage-length=0 -MMD -MP -MF"core_api.d" -MT"core_api.o" -o "core_api.o" "../core_api.cpp"
../core_api.cpp: In function ‘void CORE_FinegrainedMT()’:
../core_api.cpp:226:24: warning: extended initializer lists only available with -std=c++11 or -std=gnu++11
  fgThreadVec.push_back({});
                        ^
../core_api.cpp:226:26: warning: extended initializer lists only available with -std=c++11 or -std=gnu++11
  fgThreadVec.push_back({});
                          ^
../core_api.cpp: In function ‘void CORE_BlockedMT()’:
../core_api.cpp:112:99: warning: ‘currInstr’ may be used uninitialized in this function [-Wmaybe-uninitialized]
   SIM_MemInstRead((uint32_t)blockedThreadVec[blockedCPUthreadID].PC, currInstr,blockedCPUthreadID);
                                                                                                   ^
../core_api.cpp: In function ‘void CORE_FinegrainedMT()’:
../core_api.cpp:287:97: warning: ‘currInstr’ may be used uninitialized in this function [-Wmaybe-uninitialized]
   SIM_MemInstRead(fgThreadVec[fgCPUthreadID].PC, currInstr, fgThreadVec[fgCPUthreadID].threadId);
                                                                                                 ^
Finished building: ../core_api.cpp
 
Building target: hw4_debug
Invoking: GCC C++ Linker
g++  -o "hw4_debug"  ./.metadata/.plugins/org.eclipse.cdt.make.core/specs.o  ./core_api.o ./main.o ./sim_api.o   
Finished building target: hw4_debug
 
09:58:12 **** Incremental Build of configuration Debug for project hw4_debug ****
make all 
Building file: ../core_api.cpp
Invoking: GCC C++ Compiler
g++ -O0 -g3 -Wall -c -fmessage-length=0 -MMD -MP -MF"core_api.d" -MT"core_api.o" -o "core_api.o" "../core_api.cpp"
../core_api.cpp: In function ‘void CORE_BlockedMT()’:
../core_api.cpp:61:23: error: no match for ‘operator=’ (operand types are ‘myThread’ and ‘thread_t* {aka myThread*}’)
   blockedThreadVec[i] = new thread_t;
                       ^
../core_api.cpp:23:16: note: candidate: myThread& myThread::operator=(const myThread&)
 typedef struct myThread {
                ^
../core_api.cpp:23:16: note:   no known conversion for argument 1 from ‘thread_t* {aka myThread*}’ to ‘const myThread&’
../core_api.cpp: In function ‘void CORE_FinegrainedMT()’:
../core_api.cpp:226:24: warning: extended initializer lists only available with -std=c++11 or -std=gnu++11
  fgThreadVec.push_back({});
                        ^
../core_api.cpp:226:26: warning: extended initializer lists only available with -std=c++11 or -std=gnu++11
  fgThreadVec.push_back({});
                          ^
subdir.mk:33: recipe for target 'core_api.o' failed
make: *** [core_api.o] Error 1
10:00:49 **** Incremental Build of configuration Debug for project hw4_debug ****
make all 
Building file: ../core_api.cpp
Invoking: GCC C++ Compiler
g++ -O0 -g3 -Wall -c -fmessage-length=0 -MMD -MP -MF"core_api.d" -MT"core_api.o" -o "core_api.o" "../core_api.cpp"
../core_api.cpp: In function ‘void CORE_FinegrainedMT()’:
../core_api.cpp:226:24: warning: extended initializer lists only available with -std=c++11 or -std=gnu++11
  fgThreadVec.push_back({});
                        ^
../core_api.cpp:226:26: warning: extended initializer lists only available with -std=c++11 or -std=gnu++11
  fgThreadVec.push_back({});
                          ^
../core_api.cpp: In function ‘void CORE_BlockedMT()’:
../core_api.cpp:112:99: warning: ‘currInstr’ may be used uninitialized in this function [-Wmaybe-uninitialized]
   SIM_MemInstRead((uint32_t)blockedThreadVec[blockedCPUthreadID].PC, currInstr,blockedCPUthreadID);
                                                                                                   ^
../core_api.cpp: In function ‘void CORE_FinegrainedMT()’:
../core_api.cpp:287:97: warning: ‘currInstr’ may be used uninitialized in this function [-Wmaybe-uninitialized]
   SIM_MemInstRead(fgThreadVec[fgCPUthreadID].PC, currInstr, fgThreadVec[fgCPUthreadID].threadId);
                                                                                                 ^
Finished building: ../core_api.cpp
 
Building target: hw4_debug
Invoking: GCC C++ Linker
g++  -o "hw4_debug"  ./.metadata/.plugins/org.eclipse.cdt.make.core/specs.o  ./core_api.o ./main.o ./sim_api.o   
Finished building target: hw4_debug
 
10:04:03 **** Incremental Build of configuration Debug for project hw4_debug ****
make all 
Building file: ../core_api.cpp
Invoking: GCC C++ Compiler
g++ -O0 -g3 -Wall -c -fmessage-length=0 -MMD -MP -MF"core_api.d" -MT"core_api.o" -o "core_api.o" "../core_api.cpp"
../core_api.cpp: In function ‘void CORE_BlockedMT()’:
../core_api.cpp:61:30: warning: extended initializer lists only available with -std=c++11 or -std=gnu++11
   blockedThreadVec.push_back({});
                              ^
../core_api.cpp:61:32: warning: extended initializer lists only available with -std=c++11 or -std=gnu++11
   blockedThreadVec.push_back({});
                                ^
../core_api.cpp: In function ‘void CORE_FinegrainedMT()’:
../core_api.cpp:227:24: warning: extended initializer lists only available with -std=c++11 or -std=gnu++11
  fgThreadVec.push_back({});
                        ^
../core_api.cpp:227:26: warning: extended initializer lists only available with -std=c++11 or -std=gnu++11
  fgThreadVec.push_back({});
                          ^
../core_api.cpp: In function ‘void CORE_BlockedMT()’:
../core_api.cpp:113:99: warning: ‘currInstr’ may be used uninitialized in this function [-Wmaybe-uninitialized]
   SIM_MemInstRead((uint32_t)blockedThreadVec[blockedCPUthreadID].PC, currInstr,blockedCPUthreadID);
                                                                                                   ^
../core_api.cpp: In function ‘void CORE_FinegrainedMT()’:
../core_api.cpp:288:97: warning: ‘currInstr’ may be used uninitialized in this function [-Wmaybe-uninitialized]
   SIM_MemInstRead(fgThreadVec[fgCPUthreadID].PC, currInstr, fgThreadVec[fgCPUthreadID].threadId);
                                                                                                 ^
Finished building: ../core_api.cpp
 
Building target: hw4_debug
Invoking: GCC C++ Linker
g++  -o "hw4_debug"  ./.metadata/.plugins/org.eclipse.cdt.make.core/specs.o  ./core_api.o ./main.o ./sim_api.o   
Finished building target: hw4_debug
 
10:09:06 **** Incremental Build of configuration Debug for project hw4_debug ****
make all 
make: Nothing to be done for 'all'.
10:12:43 **** Incremental Build of configuration Debug for project hw4_debug ****
make all 
Building file: ../core_api.cpp
Invoking: GCC C++ Compiler
g++ -O0 -g3 -Wall -c -fmessage-length=0 -MMD -MP -MF"core_api.d" -MT"core_api.o" -o "core_api.o" "../core_api.cpp"
../core_api.cpp: In function ‘void CORE_BlockedMT()’:
../core_api.cpp:61:38: error: expected primary-expression before ‘)’ token
   blockedThreadVec.push_back(myThread);
                                      ^
../core_api.cpp: In function ‘void CORE_FinegrainedMT()’:
../core_api.cpp:227:24: warning: extended initializer lists only available with -std=c++11 or -std=gnu++11
  fgThreadVec.push_back({});
                        ^
../core_api.cpp:227:26: warning: extended initializer lists only available with -std=c++11 or -std=gnu++11
  fgThreadVec.push_back({});
                          ^
subdir.mk:33: recipe for target 'core_api.o' failed
make: *** [core_api.o] Error 1
10:20:27 **** Incremental Build of configuration Debug for project hw4_debug ****
make all 
Building file: ../core_api.cpp
Invoking: GCC C++ Compiler
g++ -O0 -g3 -Wall -c -fmessage-length=0 -MMD -MP -MF"core_api.d" -MT"core_api.o" -o "core_api.o" "../core_api.cpp"
../core_api.cpp: In function ‘void CORE_FinegrainedMT()’:
../core_api.cpp:226:24: warning: extended initializer lists only available with -std=c++11 or -std=gnu++11
  fgThreadVec.push_back({});
                        ^
../core_api.cpp:226:26: warning: extended initializer lists only available with -std=c++11 or -std=gnu++11
  fgThreadVec.push_back({});
                          ^
../core_api.cpp: In function ‘void CORE_BlockedMT()’:
../core_api.cpp:112:99: warning: ‘currInstr’ may be used uninitialized in this function [-Wmaybe-uninitialized]
   SIM_MemInstRead((uint32_t)blockedThreadVec[blockedCPUthreadID].PC, currInstr,blockedCPUthreadID);
                                                                                                   ^
../core_api.cpp: In function ‘void CORE_FinegrainedMT()’:
../core_api.cpp:287:97: warning: ‘currInstr’ may be used uninitialized in this function [-Wmaybe-uninitialized]
   SIM_MemInstRead(fgThreadVec[fgCPUthreadID].PC, currInstr, fgThreadVec[fgCPUthreadID].threadId);
                                                                                                 ^
Finished building: ../core_api.cpp
 
Building target: hw4_debug
Invoking: GCC C++ Linker
g++  -o "hw4_debug"  ./.metadata/.plugins/org.eclipse.cdt.make.core/specs.o  ./core_api.o ./main.o ./sim_api.o   
Finished building target: hw4_debug
 
10:22:53 **** Incremental Build of configuration Debug for project hw4_debug ****
make all 
Building file: ../core_api.cpp
Invoking: GCC C++ Compiler
g++ -O0 -g3 -Wall -c -fmessage-length=0 -MMD -MP -MF"core_api.d" -MT"core_api.o" -o "core_api.o" "../core_api.cpp"
../core_api.cpp: In function ‘void CORE_FinegrainedMT()’:
../core_api.cpp:226:24: warning: extended initializer lists only available with -std=c++11 or -std=gnu++11
  fgThreadVec.push_back({});
                        ^
../core_api.cpp:226:26: warning: extended initializer lists only available with -std=c++11 or -std=gnu++11
  fgThreadVec.push_back({});
                          ^
../core_api.cpp: In function ‘void CORE_BlockedMT()’:
../core_api.cpp:112:99: warning: ‘currInstr’ may be used uninitialized in this function [-Wmaybe-uninitialized]
   SIM_MemInstRead((uint32_t)blockedThreadVec[blockedCPUthreadID].PC, currInstr,blockedCPUthreadID);
                                                                                                   ^
../core_api.cpp: In function ‘void CORE_FinegrainedMT()’:
../core_api.cpp:288:97: warning: ‘currInstr’ may be used uninitialized in this function [-Wmaybe-uninitialized]
   SIM_MemInstRead(fgThreadVec[fgCPUthreadID].PC, currInstr, fgThreadVec[fgCPUthreadID].threadId);
                                                                                                 ^
Finished building: ../core_api.cpp
 
Building target: hw4_debug
Invoking: GCC C++ Linker
g++  -o "hw4_debug"  ./.metadata/.plugins/org.eclipse.cdt.make.core/specs.o  ./core_api.o ./main.o ./sim_api.o   
Finished building target: hw4_debug
 
10:23:47 **** Incremental Build of configuration Debug for project hw4_debug ****
make all 
Building file: ../core_api.cpp
Invoking: GCC C++ Compiler
g++ -O0 -g3 -Wall -c -fmessage-length=0 -MMD -MP -MF"core_api.d" -MT"core_api.o" -o "core_api.o" "../core_api.cpp"
../core_api.cpp: In function ‘void CORE_BlockedMT()’:
../core_api.cpp:112:99: warning: ‘currInstr’ may be used uninitialized in this function [-Wmaybe-uninitialized]
   SIM_MemInstRead((uint32_t)blockedThreadVec[blockedCPUthreadID].PC, currInstr,blockedCPUthreadID);
                                                                                                   ^
../core_api.cpp: In function ‘void CORE_FinegrainedMT()’:
../core_api.cpp:288:97: warning: ‘currInstr’ may be used uninitialized in this function [-Wmaybe-uninitialized]
   SIM_MemInstRead(fgThreadVec[fgCPUthreadID].PC, currInstr, fgThreadVec[fgCPUthreadID].threadId);
                                                                                                 ^
Finished building: ../core_api.cpp
 
Building target: hw4_debug
Invoking: GCC C++ Linker
g++  -o "hw4_debug"  ./.metadata/.plugins/org.eclipse.cdt.make.core/specs.o  ./core_api.o ./main.o ./sim_api.o   
Finished building target: hw4_debug
 
10:26:04 **** Incremental Build of configuration Debug for project hw4_debug ****
make all 
make: Nothing to be done for 'all'.
10:41:42 **** Incremental Build of configuration Debug for project hw4_debug ****
make all 
make: Warning: File 'subdir.mk' has modification time 0.79 s in the future
Building file: ../.metadata/.plugins/org.eclipse.cdt.make.core/specs.c
Invoking: GCC C Compiler
gcc -O0 -g3 -Wall -c -fmessage-length=0 -MMD -MP -MF".metadata/.plugins/org.eclipse.cdt.make.core/specs.d" -MT".metadata/.plugins/org.eclipse.cdt.make.core/specs.o" -o ".metadata/.plugins/org.eclipse.cdt.make.core/specs.o" "../.metadata/.plugins/org.eclipse.cdt.make.core/specs.c"
Finished building: ../.metadata/.plugins/org.eclipse.cdt.make.core/specs.c
 
Building file: ../core_api.cpp
Invoking: GCC C++ Compiler
g++ -O0 -g3 -Wall -c -fmessage-length=0 -MMD -MP -MF"core_api.d" -MT"core_api.o" -o "core_api.o" "../core_api.cpp"
../core_api.cpp: In function ‘void CORE_BlockedMT()’:
../core_api.cpp:112:99: warning: ‘currInstr’ may be used uninitialized in this function [-Wmaybe-uninitialized]
   SIM_MemInstRead((uint32_t)blockedThreadVec[blockedCPUthreadID].PC, currInstr,blockedCPUthreadID);
                                                                                                   ^
../core_api.cpp: In function ‘void CORE_FinegrainedMT()’:
../core_api.cpp:288:97: warning: ‘currInstr’ may be used uninitialized in this function [-Wmaybe-uninitialized]
   SIM_MemInstRead(fgThreadVec[fgCPUthreadID].PC, currInstr, fgThreadVec[fgCPUthreadID].threadId);
                                                                                                 ^
Finished building: ../core_api.cpp
 
Building file: ../main.c
Invoking: GCC C Compiler
gcc -O0 -g3 -Wall -c -fmessage-length=0 -MMD -MP -MF"main.d" -MT"main.o" -o "main.o" "../main.c"
Finished building: ../main.c
 
Building target: hw4_debug
Invoking: GCC C++ Linker
g++  -o "hw4_debug"  ./.metadata/.plugins/org.eclipse.cdt.make.core/specs.o  ./core_api.o ./main.o ./sim_api.o   
Finished building target: hw4_debug
 
make: warning:  Clock skew detected.  Your build may be incomplete.
10:44:10 **** Incremental Build of configuration Debug for project hw4_debug ****
make all 
make: Warning: File 'subdir.mk' has modification time 1.1 s in the future
make: Nothing to be done for 'all'.
make: warning:  Clock skew detected.  Your build may be incomplete.
10:50:28 **** Incremental Build of configuration Debug for project hw4_debug ****
make all 
make: Warning: File 'subdir.mk' has modification time 0.89 s in the future
Building file: ../core_api.cpp
Invoking: GCC C++ Compiler
g++ -O0 -g3 -Wall -c -fmessage-length=0 -MMD -MP -MF"core_api.d" -MT"core_api.o" -o "core_api.o" "../core_api.cpp"
Finished building: ../core_api.cpp
 
Building target: hw4_debug
Invoking: GCC C++ Linker
g++  -o "hw4_debug"  ./.metadata/.plugins/org.eclipse.cdt.make.core/specs.o  ./core_api.o ./main.o ./sim_api.o   
Finished building target: hw4_debug
 
make: warning:  Clock skew detected.  Your build may be incomplete.
